:clean
:boon:clean
:consul-client:clean UP-TO-DATE
:qbit-admin:clean UP-TO-DATE
:qbit-boon:clean UP-TO-DATE
:qbit-core:clean UP-TO-DATE
:qbit-eventbus-replicator:clean UP-TO-DATE
:qbit-examples:clean UP-TO-DATE
:qbit-examples-standalone:clean UP-TO-DATE
:qbit-jetty:clean UP-TO-DATE
:qbit-perf:clean UP-TO-DATE
:qbit-perf-client:clean UP-TO-DATE
:qbit-perf-server:clean UP-TO-DATE
:qbit-sample-client:clean UP-TO-DATE
:qbit-sample-model:clean UP-TO-DATE
:qbit-sample-server:clean UP-TO-DATE
:qbit-servlet:clean UP-TO-DATE
:qbit-test:clean UP-TO-DATE
:qbit-vertx:clean UP-TO-DATE
:compileJava UP-TO-DATE
:processResources UP-TO-DATE
:classes UP-TO-DATE
:jar
:assemble
:compileTestJava UP-TO-DATE
:processTestResources UP-TO-DATE
:testClasses UP-TO-DATE
:test UP-TO-DATE
:check UP-TO-DATE
:build
:boon:compileJava
:boon:processResources UP-TO-DATE
:boon:classes
:boon:jar
:boon:javadoc
3 errors
100 warnings
:boon:javadoc FAILED

BUILD FAILED

Total time: 10.231 secs
